Vivado Simulator v2023.2
Copyright 1986-2022 Xilinx, Inc. All Rights Reserved.
Copyright 2022-2023 Advanced Micro Devices, Inc. All Rights Reserved.
Running: /tools/Xilinx/Vivado/2023.2/bin/unwrapped/lnx64.o/xelab tb --relax -s top --debug typical 
Multi-threading is on. Using 2 slave threads.
Starting static elaboration
Pass Through NonSizing Optimizer
Completed static elaboration
Starting simulation data flow analysis
WARNING: [XSIM 43-4468] File : /proj/xbuilds/SWIP/9999.0_0820_0302/installs/lin64/Vivado/2024.1/data/system_verilog/uvm_1.2/xlnx_uvm_package.sv, Line : 25994, RANDC variable size more than 8 bits. This will be treated as a RAND variable instead.
Completed simulation data flow analysis
Time Resolution for simulation is 1ps
Compiling package work.$unit_params_sv_1889644085
Compiling package uvm.uvm_pkg
Compiling package std.std
Compiling package work.agent_pkg
Compiling package work.env_pkg
Compiling package work.seq_pkg
Compiling module work.apb_if
Compiling module work.slave_rtl
Compiling module work.apb_rtl
Compiling module work.tb
Built simulation snapshot top
